[32m2024-07-29 12:25:09 -0500[0m - dagster - [34mDEBUG[0m - __ASSET_JOB - ad596b50-9481-47bf-8eb9-4f9f57eaccae - 26738 - LOGS_CAPTURED - Started capturing logs in process (pid: 26738).
[32m2024-07-29 12:25:09 -0500[0m - dagster - [34mDEBUG[0m - __ASSET_JOB - ad596b50-9481-47bf-8eb9-4f9f57eaccae - 26738 - run_dbt_42abf - STEP_START - Started execution of step "run_dbt_42abf".
[32m2024-07-29 12:25:09 -0500[0m - dagster - [34mINFO[0m - resource:dbt - ad596b50-9481-47bf-8eb9-4f9f57eaccae - run_dbt_42abf - Executing command: dbt --no-use-colors --log-format json build --project-dir /Users/christopherbond/end-to-end-data-engineering-project-4413618/dbt_transformation --profiles-dir /Users/christopherbond/end-to-end-data-engineering-project-4413618/dbt_transformation/config --select fqn:*
[32m2024-07-29 12:25:10 -0500[0m - dagster - [34mINFO[0m - resource:dbt - ad596b50-9481-47bf-8eb9-4f9f57eaccae - run_dbt_42abf - Running with dbt=1.8.4
[32m2024-07-29 12:25:10 -0500[0m - dagster - [34mINFO[0m - resource:dbt - ad596b50-9481-47bf-8eb9-4f9f57eaccae - run_dbt_42abf - Registered adapter: bigquery=1.8.2
[32m2024-07-29 12:25:11 -0500[0m - dagster - [34mINFO[0m - resource:dbt - ad596b50-9481-47bf-8eb9-4f9f57eaccae - run_dbt_42abf - Found 3 models, 11 data tests, 4 sources, 471 macros
[32m2024-07-29 12:25:11 -0500[0m - dagster - [34mINFO[0m - resource:dbt - ad596b50-9481-47bf-8eb9-4f9f57eaccae - run_dbt_42abf
[32m2024-07-29 12:25:11 -0500[0m - dagster - [34mINFO[0m - resource:dbt - ad596b50-9481-47bf-8eb9-4f9f57eaccae - run_dbt_42abf - Concurrency: 1 threads (target='dev')
[32m2024-07-29 12:25:11 -0500[0m - dagster - [34mINFO[0m - resource:dbt - ad596b50-9481-47bf-8eb9-4f9f57eaccae - run_dbt_42abf
[32m2024-07-29 12:25:11 -0500[0m - dagster - [34mINFO[0m - resource:dbt - ad596b50-9481-47bf-8eb9-4f9f57eaccae - run_dbt_42abf - 1 of 14 START sql view model transformed_data.stg_customers .................... [RUN]
[32m2024-07-29 12:25:13 -0500[0m - dagster - [34mDEBUG[0m - __ASSET_JOB - ad596b50-9481-47bf-8eb9-4f9f57eaccae - 26738 - run_dbt_42abf - STEP_OUTPUT - Yielded output "model_dbt_transformation_stg_customers" of type "Nothing". (Type check passed).
[32m2024-07-29 12:25:13 -0500[0m - dagster - [34mDEBUG[0m - __ASSET_JOB - ad596b50-9481-47bf-8eb9-4f9f57eaccae - 26738 - run_dbt_42abf - ASSET_MATERIALIZATION - Materialized value transformed_data stg_customers.
[32m2024-07-29 12:25:13 -0500[0m - dagster - [34mINFO[0m - resource:dbt - ad596b50-9481-47bf-8eb9-4f9f57eaccae - run_dbt_42abf - 1 of 14 OK created sql view model transformed_data.stg_customers ............... [CREATE VIEW (0 processed) in 1.27s]
[32m2024-07-29 12:25:13 -0500[0m - dagster - [34mINFO[0m - resource:dbt - ad596b50-9481-47bf-8eb9-4f9f57eaccae - run_dbt_42abf - 2 of 14 START sql view model transformed_data.stg_orders ....................... [RUN]
[32m2024-07-29 12:25:14 -0500[0m - dagster - [34mDEBUG[0m - __ASSET_JOB - ad596b50-9481-47bf-8eb9-4f9f57eaccae - 26738 - run_dbt_42abf - STEP_OUTPUT - Yielded output "model_dbt_transformation_stg_orders" of type "Nothing". (Type check passed).
[32m2024-07-29 12:25:14 -0500[0m - dagster - [34mDEBUG[0m - __ASSET_JOB - ad596b50-9481-47bf-8eb9-4f9f57eaccae - 26738 - run_dbt_42abf - ASSET_MATERIALIZATION - Materialized value transformed_data stg_orders.
[32m2024-07-29 12:25:14 -0500[0m - dagster - [34mINFO[0m - resource:dbt - ad596b50-9481-47bf-8eb9-4f9f57eaccae - run_dbt_42abf - 2 of 14 OK created sql view model transformed_data.stg_orders .................. [CREATE VIEW (0 processed) in 1.18s]
[32m2024-07-29 12:25:14 -0500[0m - dagster - [34mINFO[0m - resource:dbt - ad596b50-9481-47bf-8eb9-4f9f57eaccae - run_dbt_42abf - 3 of 14 START test not_null_stg_customers_customer_id .......................... [RUN]
[32m2024-07-29 12:25:15 -0500[0m - dagster - [34mDEBUG[0m - __ASSET_JOB - ad596b50-9481-47bf-8eb9-4f9f57eaccae - 26738 - run_dbt_42abf - ASSET_OBSERVATION - DagsterEventType.ASSET_OBSERVATION for step run_dbt_42abf
[32m2024-07-29 12:25:15 -0500[0m - dagster - [34mINFO[0m - resource:dbt - ad596b50-9481-47bf-8eb9-4f9f57eaccae - run_dbt_42abf - 3 of 14 PASS not_null_stg_customers_customer_id ................................ [PASS in 1.31s]
[32m2024-07-29 12:25:15 -0500[0m - dagster - [34mINFO[0m - resource:dbt - ad596b50-9481-47bf-8eb9-4f9f57eaccae - run_dbt_42abf - 4 of 14 START test unique_stg_customers_customer_id ............................ [RUN]
[32m2024-07-29 12:25:17 -0500[0m - dagster - [34mDEBUG[0m - __ASSET_JOB - ad596b50-9481-47bf-8eb9-4f9f57eaccae - 26738 - run_dbt_42abf - ASSET_OBSERVATION - DagsterEventType.ASSET_OBSERVATION for step run_dbt_42abf
[32m2024-07-29 12:25:17 -0500[0m - dagster - [34mINFO[0m - resource:dbt - ad596b50-9481-47bf-8eb9-4f9f57eaccae - run_dbt_42abf - 4 of 14 PASS unique_stg_customers_customer_id .................................. [PASS in 1.48s]
[32m2024-07-29 12:25:17 -0500[0m - dagster - [34mINFO[0m - resource:dbt - ad596b50-9481-47bf-8eb9-4f9f57eaccae - run_dbt_42abf - 5 of 14 START test accepted_values_stg_orders_order_status__created__shipped__approved__canceled__invoiced__delivered__processing__unavailable  [RUN]
[32m2024-07-29 12:25:18 -0500[0m - dagster - [34mDEBUG[0m - __ASSET_JOB - ad596b50-9481-47bf-8eb9-4f9f57eaccae - 26738 - run_dbt_42abf - ASSET_OBSERVATION - DagsterEventType.ASSET_OBSERVATION for step run_dbt_42abf
[32m2024-07-29 12:25:18 -0500[0m - dagster - [34mINFO[0m - resource:dbt - ad596b50-9481-47bf-8eb9-4f9f57eaccae - run_dbt_42abf - 5 of 14 PASS accepted_values_stg_orders_order_status__created__shipped__approved__canceled__invoiced__delivered__processing__unavailable  [PASS in 1.43s]
[32m2024-07-29 12:25:18 -0500[0m - dagster - [34mINFO[0m - resource:dbt - ad596b50-9481-47bf-8eb9-4f9f57eaccae - run_dbt_42abf - 6 of 14 START test not_null_stg_orders_order_id ................................ [RUN]
[32m2024-07-29 12:25:19 -0500[0m - dagster - [34mDEBUG[0m - __ASSET_JOB - ad596b50-9481-47bf-8eb9-4f9f57eaccae - 26738 - run_dbt_42abf - ASSET_OBSERVATION - DagsterEventType.ASSET_OBSERVATION for step run_dbt_42abf
[32m2024-07-29 12:25:19 -0500[0m - dagster - [34mINFO[0m - resource:dbt - ad596b50-9481-47bf-8eb9-4f9f57eaccae - run_dbt_42abf - 6 of 14 PASS not_null_stg_orders_order_id ...................................... [PASS in 1.36s]
[32m2024-07-29 12:25:19 -0500[0m - dagster - [34mINFO[0m - resource:dbt - ad596b50-9481-47bf-8eb9-4f9f57eaccae - run_dbt_42abf - 7 of 14 START test relationships_stg_orders_customer_id__customer_id__ref_stg_customers_  [RUN]
[32m2024-07-29 12:25:21 -0500[0m - dagster - [34mDEBUG[0m - __ASSET_JOB - ad596b50-9481-47bf-8eb9-4f9f57eaccae - 26738 - run_dbt_42abf - ASSET_OBSERVATION - DagsterEventType.ASSET_OBSERVATION for step run_dbt_42abf
[32m2024-07-29 12:25:21 -0500[0m - dagster - [34mDEBUG[0m - __ASSET_JOB - ad596b50-9481-47bf-8eb9-4f9f57eaccae - 26738 - run_dbt_42abf - ASSET_OBSERVATION - DagsterEventType.ASSET_OBSERVATION for step run_dbt_42abf
[32m2024-07-29 12:25:21 -0500[0m - dagster - [34mINFO[0m - resource:dbt - ad596b50-9481-47bf-8eb9-4f9f57eaccae - run_dbt_42abf - 7 of 14 PASS relationships_stg_orders_customer_id__customer_id__ref_stg_customers_  [PASS in 1.46s]
[32m2024-07-29 12:25:21 -0500[0m - dagster - [34mINFO[0m - resource:dbt - ad596b50-9481-47bf-8eb9-4f9f57eaccae - run_dbt_42abf - 8 of 14 START test unique_stg_orders_order_id .................................. [RUN]
[32m2024-07-29 12:25:22 -0500[0m - dagster - [34mDEBUG[0m - __ASSET_JOB - ad596b50-9481-47bf-8eb9-4f9f57eaccae - 26738 - run_dbt_42abf - ASSET_OBSERVATION - DagsterEventType.ASSET_OBSERVATION for step run_dbt_42abf
[32m2024-07-29 12:25:22 -0500[0m - dagster - [34mINFO[0m - resource:dbt - ad596b50-9481-47bf-8eb9-4f9f57eaccae - run_dbt_42abf - 8 of 14 PASS unique_stg_orders_order_id ........................................ [PASS in 1.32s]
[32m2024-07-29 12:25:22 -0500[0m - dagster - [34mINFO[0m - resource:dbt - ad596b50-9481-47bf-8eb9-4f9f57eaccae - run_dbt_42abf - 9 of 14 START sql table model transformed_data.dim_customers ................... [RUN]
[32m2024-07-29 12:25:25 -0500[0m - dagster - [34mDEBUG[0m - __ASSET_JOB - ad596b50-9481-47bf-8eb9-4f9f57eaccae - 26738 - run_dbt_42abf - STEP_OUTPUT - Yielded output "model_dbt_transformation_dim_customers" of type "Nothing". (Type check passed).
[32m2024-07-29 12:25:25 -0500[0m - dagster - [34mDEBUG[0m - __ASSET_JOB - ad596b50-9481-47bf-8eb9-4f9f57eaccae - 26738 - run_dbt_42abf - ASSET_MATERIALIZATION - Materialized value transformed_data dim_customers.
[32m2024-07-29 12:25:25 -0500[0m - dagster - [34mINFO[0m - resource:dbt - ad596b50-9481-47bf-8eb9-4f9f57eaccae - run_dbt_42abf - 9 of 14 OK created sql table model transformed_data.dim_customers .............. [CREATE TABLE (9.8k rows, 1.3 MiB processed) in 3.18s]
[32m2024-07-29 12:25:25 -0500[0m - dagster - [34mINFO[0m - resource:dbt - ad596b50-9481-47bf-8eb9-4f9f57eaccae - run_dbt_42abf - 10 of 14 START test not_null_dim_customers_city ................................ [RUN]
[32m2024-07-29 12:25:27 -0500[0m - dagster - [34mDEBUG[0m - __ASSET_JOB - ad596b50-9481-47bf-8eb9-4f9f57eaccae - 26738 - run_dbt_42abf - ASSET_OBSERVATION - DagsterEventType.ASSET_OBSERVATION for step run_dbt_42abf
[32m2024-07-29 12:25:27 -0500[0m - dagster - [34mINFO[0m - resource:dbt - ad596b50-9481-47bf-8eb9-4f9f57eaccae - run_dbt_42abf - 10 of 14 PASS not_null_dim_customers_city ...................................... [PASS in 1.35s]
[32m2024-07-29 12:25:27 -0500[0m - dagster - [34mINFO[0m - resource:dbt - ad596b50-9481-47bf-8eb9-4f9f57eaccae - run_dbt_42abf - 11 of 14 START test not_null_dim_customers_country ............................. [RUN]
[32m2024-07-29 12:25:28 -0500[0m - dagster - [34mDEBUG[0m - __ASSET_JOB - ad596b50-9481-47bf-8eb9-4f9f57eaccae - 26738 - run_dbt_42abf - ASSET_OBSERVATION - DagsterEventType.ASSET_OBSERVATION for step run_dbt_42abf
[32m2024-07-29 12:25:28 -0500[0m - dagster - [34mINFO[0m - resource:dbt - ad596b50-9481-47bf-8eb9-4f9f57eaccae - run_dbt_42abf - 11 of 14 PASS not_null_dim_customers_country ................................... [PASS in 1.52s]
[32m2024-07-29 12:25:28 -0500[0m - dagster - [34mINFO[0m - resource:dbt - ad596b50-9481-47bf-8eb9-4f9f57eaccae - run_dbt_42abf - 12 of 14 START test not_null_dim_customers_customer_id ......................... [RUN]
[32m2024-07-29 12:25:29 -0500[0m - dagster - [34mDEBUG[0m - __ASSET_JOB - ad596b50-9481-47bf-8eb9-4f9f57eaccae - 26738 - run_dbt_42abf - ASSET_OBSERVATION - DagsterEventType.ASSET_OBSERVATION for step run_dbt_42abf
[32m2024-07-29 12:25:29 -0500[0m - dagster - [34mINFO[0m - resource:dbt - ad596b50-9481-47bf-8eb9-4f9f57eaccae - run_dbt_42abf - 12 of 14 PASS not_null_dim_customers_customer_id ............................... [PASS in 1.17s]
[32m2024-07-29 12:25:29 -0500[0m - dagster - [34mINFO[0m - resource:dbt - ad596b50-9481-47bf-8eb9-4f9f57eaccae - run_dbt_42abf - 13 of 14 START test not_null_dim_customers_email ............................... [RUN]
[32m2024-07-29 12:25:31 -0500[0m - dagster - [34mDEBUG[0m - __ASSET_JOB - ad596b50-9481-47bf-8eb9-4f9f57eaccae - 26738 - run_dbt_42abf - ASSET_OBSERVATION - DagsterEventType.ASSET_OBSERVATION for step run_dbt_42abf
[32m2024-07-29 12:25:31 -0500[0m - dagster - [34mINFO[0m - resource:dbt - ad596b50-9481-47bf-8eb9-4f9f57eaccae - run_dbt_42abf - 13 of 14 PASS not_null_dim_customers_email ..................................... [PASS in 1.41s]
[32m2024-07-29 12:25:31 -0500[0m - dagster - [34mINFO[0m - resource:dbt - ad596b50-9481-47bf-8eb9-4f9f57eaccae - run_dbt_42abf - 14 of 14 START test unique_dim_customers_customer_id ........................... [RUN]
[32m2024-07-29 12:25:33 -0500[0m - dagster - [34mDEBUG[0m - __ASSET_JOB - ad596b50-9481-47bf-8eb9-4f9f57eaccae - 26738 - run_dbt_42abf - ASSET_OBSERVATION - DagsterEventType.ASSET_OBSERVATION for step run_dbt_42abf
[32m2024-07-29 12:25:33 -0500[0m - dagster - [34mINFO[0m - resource:dbt - ad596b50-9481-47bf-8eb9-4f9f57eaccae - run_dbt_42abf - 14 of 14 PASS unique_dim_customers_customer_id ................................. [PASS in 1.67s]
[32m2024-07-29 12:25:33 -0500[0m - dagster - [34mINFO[0m - resource:dbt - ad596b50-9481-47bf-8eb9-4f9f57eaccae - run_dbt_42abf
[32m2024-07-29 12:25:33 -0500[0m - dagster - [34mINFO[0m - resource:dbt - ad596b50-9481-47bf-8eb9-4f9f57eaccae - run_dbt_42abf - Finished running 2 view models, 11 data tests, 1 table model in 0 hours 0 minutes and 21.94 seconds (21.94s).
[32m2024-07-29 12:25:33 -0500[0m - dagster - [34mINFO[0m - resource:dbt - ad596b50-9481-47bf-8eb9-4f9f57eaccae - run_dbt_42abf
[32m2024-07-29 12:25:33 -0500[0m - dagster - [34mINFO[0m - resource:dbt - ad596b50-9481-47bf-8eb9-4f9f57eaccae - run_dbt_42abf - Completed successfully
[32m2024-07-29 12:25:33 -0500[0m - dagster - [34mINFO[0m - resource:dbt - ad596b50-9481-47bf-8eb9-4f9f57eaccae - run_dbt_42abf
[32m2024-07-29 12:25:33 -0500[0m - dagster - [34mINFO[0m - resource:dbt - ad596b50-9481-47bf-8eb9-4f9f57eaccae - run_dbt_42abf - Done. PASS=14 WARN=0 ERROR=0 SKIP=0 TOTAL=14
[32m2024-07-29 12:25:33 -0500[0m - dagster - [34mINFO[0m - resource:dbt - ad596b50-9481-47bf-8eb9-4f9f57eaccae - run_dbt_42abf - dbt exited with return code 0
[32m2024-07-29 12:25:33 -0500[0m - dagster - [34mINFO[0m - __ASSET_JOB - ad596b50-9481-47bf-8eb9-4f9f57eaccae - run_dbt_42abf - op 'run_dbt_42abf' did not yield or return expected outputs {'transformed_data__stg_customers_not_null_stg_customers_customer_id', 'transformed_data__stg_orders_unique_stg_orders_order_id', 'transformed_data__stg_customers_unique_stg_customers_customer_id', 'transformed_data__dim_customers_not_null_dim_customers_country', 'transformed_data__dim_customers_not_null_dim_customers_city', 'transformed_data__dim_customers_unique_dim_customers_customer_id', 'transformed_data__stg_orders_accepted_values_stg_orders_order_status__created__shipped__approved__canceled__invoiced__delivered__processing__unavailable', 'transformed_data__stg_orders_not_null_stg_orders_order_id', 'transformed_data__stg_orders_relationships_stg_orders_customer_id__customer_id__ref_stg_customers_', 'transformed_data__dim_customers_not_null_dim_customers_email', 'transformed_data__dim_customers_not_null_dim_customers_customer_id'}.
[32m2024-07-29 12:25:33 -0500[0m - dagster - [34mDEBUG[0m - __ASSET_JOB - ad596b50-9481-47bf-8eb9-4f9f57eaccae - 26738 - run_dbt_42abf - STEP_SUCCESS - Finished execution of step "run_dbt_42abf" in 23.8s.
